samples/app/build/outputs/logs/manifest-merger-debug-report.txt
-- Merging decision tree log ---
manifest
ADDED from src\main\AndroidManifest.xml:2:1-189:12
	package
		ADDED from src\main\AndroidManifest.xml:3:5-49
		INJECTED from src\main\AndroidManifest.xml
		INJECTED from src\main\AndroidManifest.xml
	android:versionName
		ADDED from src\main\AndroidManifest.xml:5:5-30
		INJECTED from src\main\AndroidManifest.xml
		INJECTED from src\main\AndroidManifest.xml
	android:versionCode
		ADDED from src\main\AndroidManifest.xml:4:5-30
		INJECTED from src\main\AndroidManifest.xml
		INJECTED from src\main\AndroidManifest.xml
	xmlns:android
		ADDED from src\main\AndroidManifest.xml:2:11-69
uses-sdk
ADDED from src\main\AndroidManifest.xml:14:5-74
	android:targetSdkVersion
		ADDED from src\main\AndroidManifest.xml:14:42-71
		INJECTED from src\main\AndroidManifest.xml
		INJECTED from src\main\AndroidManifest.xml
	android:minSdkVersion
		ADDED from src\main\AndroidManifest.xml:14:15-41
		INJECTED from src\main\AndroidManifest.xml
		INJECTED from src\main\AndroidManifest.xml
uses-feature#0x00020000
ADDED from src\main\AndroidManifest.xml:16:5-54
	android:glEsVersion
		ADDED from src\main\AndroidManifest.xml:16:19-51
uses-feature#android.hardware.camera
ADDED from src\main\AndroidManifest.xml:32:5-60
	android:name
		ADDED from src\main\AndroidManifest.xml:32:19-57
uses-permission#android.permission.CAMERA
ADDED from src\main\AndroidManifest.xml:37:5-65
	android:name
		ADDED from src\main\AndroidManifest.xml:37:22-62
uses-permission#android.permission.INTERNET
ADDED from src\main\AndroidManifest.xml:42:5-66
	android:name
		ADDED from src\main\AndroidManifest.xml:42:22-64
uses-permission#android.permission.ACCESS_NETWORK_STATE
ADDED from src\main\AndroidManifest.xml:48:5-79
	android:name
		ADDED from src\main\AndroidManifest.xml:48:22-76
uses-permission#android.permission.READ_EXTERNAL_STORAGE
ADDED from src\main\AndroidManifest.xml:50:5-79
	android:name
		ADDED from src\main\AndroidManifest.xml:50:22-77
application
ADDED from src\main\AndroidManifest.xml:62:5-187:19
	android:label
		ADDED from src\main\AndroidManifest.xml:64:9-41
	android:launchMode
		ADDED from src\main\AndroidManifest.xml:66:9-40
	android:allowBackup
		ADDED from src\main\AndroidManifest.xml:67:9-35
	android:icon
		ADDED from src\main\AndroidManifest.xml:63:9-38
	android:description
		ADDED from src\main\AndroidManifest.xml:65:9-54
	android:theme
		ADDED from src\main\AndroidManifest.xml:68:9-47
activity#com.vuforia.samples.VuforiaSamples.ui.ActivityList.ActivitySplashScreen
ADDED from src\main\AndroidManifest.xml:87:10-98:21
	android:screenOrientation
		ADDED from src\main\AndroidManifest.xml:90:13-49
	android:noHistory
		ADDED from src\main\AndroidManifest.xml:91:13-37
	android:configChanges
		ADDED from src\main\AndroidManifest.xml:89:13-93
	android:name
		ADDED from src\main\AndroidManifest.xml:88:13-65
intent-filter#android.intent.action.MAIN+android.intent.category.LAUNCHER
ADDED from src\main\AndroidManifest.xml:93:13-97:29
action#android.intent.action.MAIN
ADDED from src\main\AndroidManifest.xml:94:17-69
	android:name
		ADDED from src\main\AndroidManifest.xml:94:25-66
category#android.intent.category.LAUNCHER
ADDED from src\main\AndroidManifest.xml:96:17-77
	android:name
		ADDED from src\main\AndroidManifest.xml:96:27-74
activity#com.vuforia.samples.VuforiaSamples.ui.ActivityList.ActivityLauncher
ADDED from src\main\AndroidManifest.xml:100:9-105:20
	android:screenOrientation
		ADDED from src\main\AndroidManifest.xml:103:13-49
	android:configChanges
		ADDED from src\main\AndroidManifest.xml:102:13-93
	android:name
		ADDED from src\main\AndroidManifest.xml:101:13-61
activity#com.vuforia.samples.VuforiaSamples.ui.ActivityList.AboutScreen
ADDED from src\main\AndroidManifest.xml:107:10-113:20
	android:screenOrientation
		ADDED from src\main\AndroidManifest.xml:110:13-49
	android:noHistory
		ADDED from src\main\AndroidManifest.xml:111:13-37
	android:configChanges
		ADDED from src\main\AndroidManifest.xml:109:13-93
	android:name
		ADDED from src\main\AndroidManifest.xml:108:13-56
activity#com.vuforia.samples.VuforiaSamples.app.ImageTargets.ImageTargets
ADDED from src\main\AndroidManifest.xml:115:9-121:20
	android:launchMode
		ADDED from src\main\AndroidManifest.xml:119:13-44
	android:configChanges
		ADDED from src\main\AndroidManifest.xml:117:13-93
	android:theme
		ADDED from src\main\AndroidManifest.xml:118:13-51
	android:name
		ADDED from src\main\AndroidManifest.xml:116:13-58
activity#com.vuforia.samples.VuforiaSamples.app.VuMark.VuMark
ADDED from src\main\AndroidManifest.xml:123:9-129:20
	android:launchMode
		ADDED from src\main\AndroidManifest.xml:127:13-44
	android:configChanges
		ADDED from src\main\AndroidManifest.xml:125:13-93
	android:theme
		ADDED from src\main\AndroidManifest.xml:126:13-51
	android:name
		ADDED from src\main\AndroidManifest.xml:124:13-46
activity#com.vuforia.samples.VuforiaSamples.app.TextRecognition.TextReco
ADDED from src\main\AndroidManifest.xml:131:9-137:20
	android:launchMode
		ADDED from src\main\AndroidManifest.xml:135:13-44
	android:configChanges
		ADDED from src\main\AndroidManifest.xml:133:13-93
	android:theme
		ADDED from src\main\AndroidManifest.xml:134:13-51
	android:name
		ADDED from src\main\AndroidManifest.xml:132:13-57
activity#com.vuforia.samples.VuforiaSamples.app.CylinderTargets.CylinderTargets
ADDED from src\main\AndroidManifest.xml:139:9-145:20
	android:launchMode
		ADDED from src\main\AndroidManifest.xml:143:13-44
	android:configChanges
		ADDED from src\main\AndroidManifest.xml:141:13-93
	android:theme
		ADDED from src\main\AndroidManifest.xml:142:13-51
	android:name
		ADDED from src\main\AndroidManifest.xml:140:13-64
activity#com.vuforia.samples.VuforiaSamples.app.VirtualButtons.VirtualButtons
ADDED from src\main\AndroidManifest.xml:147:9-153:20
	android:launchMode
		ADDED from src\main\AndroidManifest.xml:151:13-44
	android:configChanges
		ADDED from src\main\AndroidManifest.xml:149:13-93
	android:theme
		ADDED from src\main\AndroidManifest.xml:150:13-51
	android:name
		ADDED from src\main\AndroidManifest.xml:148:13-62
activity#com.vuforia.samples.VuforiaSamples.app.UserDefinedTargets.UserDefinedTargets
ADDED from src\main\AndroidManifest.xml:155:9-161:20
	android:launchMode
		ADDED from src\main\AndroidManifest.xml:159:13-44
	android:configChanges
		ADDED from src\main\AndroidManifest.xml:157:13-93
	android:theme
		ADDED from src\main\AndroidManifest.xml:158:13-51
	android:name
		ADDED from src\main\AndroidManifest.xml:156:13-70
activity#com.vuforia.samples.VuforiaSamples.app.MultiTargets.MultiTargets
ADDED from src\main\AndroidManifest.xml:163:9-169:20
	android:launchMode
		ADDED from src\main\AndroidManifest.xml:167:13-44
	android:configChanges
		ADDED from src\main\AndroidManifest.xml:165:13-93
	android:theme
		ADDED from src\main\AndroidManifest.xml:166:13-51
	android:name
		ADDED from src\main\AndroidManifest.xml:164:13-58
activity#com.vuforia.samples.VuforiaSamples.app.CloudRecognition.CloudReco
ADDED from src\main\AndroidManifest.xml:171:9-177:20
	android:launchMode
		ADDED from src\main\AndroidManifest.xml:175:13-44
	android:configChanges
		ADDED from src\main\AndroidManifest.xml:173:13-93
	android:theme
		ADDED from src\main\AndroidManifest.xml:174:13-51
	android:name
		ADDED from src\main\AndroidManifest.xml:172:13-59
activity#com.vuforia.samples.VuforiaSamples.app.ObjectRecognition.ObjectTargets
ADDED from src\main\AndroidManifest.xml:179:9-185:20
	android:launchMode
		ADDED from src\main\AndroidManifest.xml:183:13-44
	android:configChanges
		ADDED from src\main\AndroidManifest.xml:181:13-93
	android:theme
		ADDED from src\main\AndroidManifest.xml:182:13-51
	android:name
		ADDED from src\main\AndroidManifest.xml:180:13-64